<?xml version="1.0" encoding="utf-8"?><testsuites name="pytest tests"><testsuite name="pytest" errors="0" failures="0" skipped="0" tests="156" time="29.142" timestamp="2026-04-28T13:12:04.771175+00:00" hostname="agent-env-c8224f02-3a47-4060-bc0e-2a7e4e6c9d30"><testcase classname="backend.tests.backend_test.TestHealth" name="test_health" time="0.199" /><testcase classname="backend.tests.backend_test.TestHealth" name="test_root" time="0.061" /><testcase classname="backend.tests.backend_test.TestAuth" name="test_login_demo" time="0.285" /><testcase classname="backend.tests.backend_test.TestAuth" name="test_login_invalid" time="0.279" /><testcase classname="backend.tests.backend_test.TestAuth" name="test_signup_new_user" time="0.286" /><testcase classname="backend.tests.backend_test.TestAuth" name="test_signup_duplicate" time="0.055" /><testcase classname="backend.tests.backend_test.TestAuth" name="test_otp_flow" time="0.343" /><testcase classname="backend.tests.backend_test.TestAuth" name="test_otp_invalid_code" time="0.121" /><testcase classname="backend.tests.backend_test.TestAuth" name="test_me_endpoint" time="0.342" /><testcase classname="backend.tests.backend_test.TestAuth" name="test_me_unauth" time="0.057" /><testcase classname="backend.tests.backend_test.TestProducts" name="test_list_products" time="0.054" /><testcase classname="backend.tests.backend_test.TestProducts" name="test_get_product" time="0.060" /><testcase classname="backend.tests.backend_test.TestProducts" name="test_get_product_404" time="0.059" /><testcase classname="backend.tests.backend_test.TestQuotes" name="test_create_travel_quote" time="0.064" /><testcase classname="backend.tests.backend_test.TestQuotes" name="test_list_quotes" time="0.062" /><testcase classname="backend.tests.backend_test.TestQuotes" name="test_get_quote" time="0.058" /><testcase classname="backend.tests.backend_test.TestQuotes" name="test_quote_invalid_product" time="0.056" /><testcase classname="backend.tests.backend_test.TestPayments" name="test_checkout_session" time="0.670" /><testcase classname="backend.tests.backend_test.TestPayments" name="test_payment_status" time="0.295" /><testcase classname="backend.tests.backend_test.TestPolicies" name="test_list_policies" time="0.062" /><testcase classname="backend.tests.backend_test.TestClaims" name="test_create_seed_policy_for_claim" time="0.407" /><testcase classname="backend.tests.backend_test.TestClaims" name="test_file_claim_no_policy" time="0.067" /><testcase classname="backend.tests.backend_test.TestClaims" name="test_file_claim_auto_approval" time="0.068" /><testcase classname="backend.tests.backend_test.TestClaims" name="test_file_claim_normal_path" time="0.071" /><testcase classname="backend.tests.backend_test.TestClaims" name="test_list_my_claims" time="0.067" /><testcase classname="backend.tests.backend_test.TestClaims" name="test_admin_claims_queue" time="0.073" /><testcase classname="backend.tests.backend_test.TestClaims" name="test_claim_action_approve" time="0.349" /><testcase classname="backend.tests.backend_test.TestCRM" name="test_list_customers_admin" time="0.065" /><testcase classname="backend.tests.backend_test.TestCRM" name="test_customer_360" time="0.146" /><testcase classname="backend.tests.backend_test.TestCRM" name="test_leads_pipeline_admin" time="0.069" /><testcase classname="backend.tests.backend_test.TestCRM" name="test_leads_pipeline_forbidden_for_customer" time="0.065" /><testcase classname="backend.tests.backend_test.TestCRM" name="test_patch_customer" time="0.123" /><testcase classname="backend.tests.backend_test.TestCRM" name="test_create_interaction" time="0.129" /><testcase classname="backend.tests.backend_test.TestCRM" name="test_list_interactions" time="0.141" /><testcase classname="backend.tests.backend_test.TestAI" name="test_ai_recommendations" time="0.064" /><testcase classname="backend.tests.backend_test.TestAI" name="test_ai_lead_score" time="0.116" /><testcase classname="backend.tests.backend_test.TestAI" name="test_ai_chat" time="3.889" /><testcase classname="backend.tests.backend_test.TestAnalytics" name="test_overview_admin" time="0.095" /><testcase classname="backend.tests.backend_test.TestAnalytics" name="test_overview_forbidden_customer" time="0.071" /><testcase classname="backend.tests.backend_test.TestCampaigns" name="test_create_list_campaign" time="0.121" /><testcase classname="backend.tests.backend_test.TestCampaigns" name="test_send_campaign" time="0.059" /><testcase classname="backend.tests.backend_test.TestCampaigns" name="test_create_list_coupon" time="0.124" /><testcase classname="backend.tests.backend_test.TestCampaigns" name="test_campaigns_forbidden_customer" time="0.063" /><testcase classname="backend.tests.backend_test.TestVoice" name="test_list_calls" time="0.072" /><testcase classname="backend.tests.backend_test.TestVoice" name="test_log_call" time="0.062" /><testcase classname="backend.tests.backend_test.TestVoice" name="test_simulate_outbound" time="0.139" /><testcase classname="backend.tests.backend_test.TestVoice" name="test_voice_forbidden_customer" time="0.064" /><testcase classname="backend.tests.backend_test.TestNotifications" name="test_list_notifications" time="0.063" /><testcase classname="backend.tests.backend_test.TestNotifications" name="test_mark_read" time="0.060" /><testcase classname="backend.tests.backend_test.TestRoleEnforcement" name="test_customer_blocked_from_analytics" time="0.055" /><testcase classname="backend.tests.backend_test.TestRoleEnforcement" name="test_customer_blocked_from_crm_customers" time="0.068" /><testcase classname="backend.tests.backend_test.TestRoleEnforcement" name="test_customer_blocked_from_claims_queue" time="0.060" /><testcase classname="backend.tests.backend_test.TestRoleEnforcement" name="test_customer_blocked_from_campaigns" time="0.060" /><testcase classname="backend.tests.backend_test.TestMotorProducts" name="test_motor_product_seeded" time="0.059" /><testcase classname="backend.tests.backend_test.TestMotorQuote" name="test_create_motor_quote_comprehensive" time="0.066" /><testcase classname="backend.tests.backend_test.TestMotorQuote" name="test_motor_quote_requires_auth" time="0.057" /><testcase classname="backend.tests.backend_test.TestMotorQuote" name="test_motor_quote_invalid_product_category" time="0.060" /><testcase classname="backend.tests.backend_test.TestMotorQuote" name="test_motor_quote_third_party" time="0.075" /><testcase classname="backend.tests.backend_test.TestMotorQuote" name="test_motor_checkout" time="0.575" /><testcase classname="backend.tests.backend_test.TestMotorQuote" name="test_motor_quote_persisted" time="0.070" /><testcase classname="backend.tests.backend_test.TestVehicleLookup" name="test_lookup_curated_wxy1234" time="0.070" /><testcase classname="backend.tests.backend_test.TestVehicleLookup" name="test_lookup_curated_civic" time="0.069" /><testcase classname="backend.tests.backend_test.TestVehicleLookup" name="test_lookup_deterministic_random" time="0.122" /><testcase classname="backend.tests.backend_test.TestVehicleLookup" name="test_lookup_short_reg_400" time="0.063" /><testcase classname="backend.tests.backend_test.TestVehicleLookup" name="test_lookup_empty_reg_400" time="0.065" /><testcase classname="backend.tests.backend_test.TestVehicleLookup" name="test_lookup_requires_auth" time="0.058" /><testcase classname="backend.tests.backend_test.TestAdminProductUpdate" name="test_patch_product_base_premium_and_addon" time="0.289" /><testcase classname="backend.tests.backend_test.TestAdminProductUpdate" name="test_patch_product_form_config" time="0.258" /><testcase classname="backend.tests.backend_test.TestAdminProductUpdate" name="test_patch_product_forbidden_for_customer" time="0.059" /><testcase classname="backend.tests.backend_test.TestAdminProductUpdate" name="test_patch_product_unauth" time="0.107" /><testcase classname="backend.tests.backend_test.TestAdminProductUpdate" name="test_motor_quote_required_field_blank_400" time="0.065" /><testcase classname="backend.tests.backend_test.TestPAProducts" name="test_pa_product_seeded" time="0.069" /><testcase classname="backend.tests.backend_test.TestPAQuote" name="test_pa_quote_class1_1person_35yo" time="0.066" /><testcase classname="backend.tests.backend_test.TestPAQuote" name="test_pa_quote_class3_loading" time="0.073" /><testcase classname="backend.tests.backend_test.TestPAQuote" name="test_pa_quote_num_persons_scaling" time="0.066" /><testcase classname="backend.tests.backend_test.TestPAQuote" name="test_pa_quote_age_too_young_400" time="0.066" /><testcase classname="backend.tests.backend_test.TestPAQuote" name="test_pa_quote_age_too_old_400" time="0.069" /><testcase classname="backend.tests.backend_test.TestPAQuote" name="test_pa_quote_missing_full_name_400" time="0.063" /><testcase classname="backend.tests.backend_test.TestPAQuote" name="test_pa_quote_missing_beneficiary_400" time="0.068" /><testcase classname="backend.tests.backend_test.TestPAQuote" name="test_pa_quote_requires_auth" time="0.062" /><testcase classname="backend.tests.backend_test.TestPAQuote" name="test_pa_quote_invalid_product_category" time="0.063" /><testcase classname="backend.tests.backend_test.TestPAFormConfig" name="test_pa_form_config_toggle_off_allows_empty" time="0.312" /><testcase classname="backend.tests.backend_test.TestAdminSettings" name="test_get_settings_requires_admin" time="0.066" /><testcase classname="backend.tests.backend_test.TestAdminSettings" name="test_get_settings_unauthenticated" time="0.064" /><testcase classname="backend.tests.backend_test.TestAdminSettings" name="test_get_settings_initial_env_fallback" time="0.129" /><testcase classname="backend.tests.backend_test.TestAdminSettings" name="test_patch_settings_publishable_and_webhook" time="0.151" /><testcase classname="backend.tests.backend_test.TestAdminSettings" name="test_patch_requires_admin" time="0.068" /><testcase classname="backend.tests.backend_test.TestAdminSettings" name="test_stripe_test_env_fallback_succeeds" time="0.658" /><testcase classname="backend.tests.backend_test.TestAdminSettings" name="test_stripe_test_with_bogus_key_uses_that_key" time="0.749" /><testcase classname="backend.tests.backend_test.TestAdminSettings" name="test_clear_secret_restores_env_fallback" time="0.760" /><testcase classname="backend.tests.backend_test.TestAdminSettings" name="test_masking_never_leaks_plain_secret" time="0.184" /><testcase classname="backend.tests.backend_test.TestAdminSettings" name="test_payment_flow_still_works_with_env_fallback" time="0.729" /><testcase classname="backend.tests.backend_test.TestAdminSettings" name="test_final_cleanup_env_fallback_restored" time="0.151" /><testcase classname="backend.tests.test_pipeline_csv_kb.TestSetup" name="test_create_lead" time="0.515" /><testcase classname="backend.tests.test_pipeline_csv_kb.TestSetup" name="test_create_deal" time="0.076" /><testcase classname="backend.tests.test_pipeline_csv_kb.TestSetup" name="test_create_linkage" time="0.077" /><testcase classname="backend.tests.test_pipeline_csv_kb.TestCSVExport" name="test_export_csv_returns_csv" time="0.069" /><testcase classname="backend.tests.test_pipeline_csv_kb.TestCSVExport" name="test_export_csv_requires_auth" time="0.063" /><testcase classname="backend.tests.test_pipeline_csv_kb.TestLookupCompanies" name="test_companies_shape" time="0.067" /><testcase classname="backend.tests.test_pipeline_csv_kb.TestLinkageUpdateDelete" name="test_put_linkage_updates_pipeline_status" time="0.134" /><testcase classname="backend.tests.test_pipeline_csv_kb.TestLinkageUpdateDelete" name="test_put_linkage_drag_to_negotiation" time="0.064" /><testcase classname="backend.tests.test_pipeline_csv_kb.TestLinkageUpdateDelete" name="test_delete_linkage_removes" time="0.126" /><testcase classname="backend.tests.test_pipeline_csv_kb.TestKnowledgeBaseUpload" name="test_upload_kb_file_persists" time="0.148" /><testcase classname="backend.tests.test_pipeline_csv_kb.TestCleanup" name="test_cleanup" time="0.141" /><testcase classname="backend.tests.test_sales_crm.TestLeadsCRUD" name="test_create_lead_with_new_fields" time="0.420" /><testcase classname="backend.tests.test_sales_crm.TestLeadsCRUD" name="test_create_lead_missing_name_400" time="0.104" /><testcase classname="backend.tests.test_sales_crm.TestLeadsCRUD" name="test_get_lead_by_id" time="0.059" /><testcase classname="backend.tests.test_sales_crm.TestLeadsCRUD" name="test_list_leads_pagination_filter_search" time="0.244" /><testcase classname="backend.tests.test_sales_crm.TestLeadsCRUD" name="test_update_lead_persists" time="0.114" /><testcase classname="backend.tests.test_sales_crm.TestLeadsCRUD" name="test_refresh_score" time="0.056" /><testcase classname="backend.tests.test_sales_crm.TestLeadsCRUD" name="test_demo_user_forbidden" time="0.358" /><testcase classname="backend.tests.test_sales_crm.TestActivities" name="test_list_activities_includes_creation" time="0.062" /><testcase classname="backend.tests.test_sales_crm.TestActivities" name="test_add_activity" time="0.123" /><testcase classname="backend.tests.test_sales_crm.TestDeals" name="test_create_and_list_deal" time="0.128" /><testcase classname="backend.tests.test_sales_crm.TestDeals" name="test_get_deal" time="0.061" /><testcase classname="backend.tests.test_sales_crm.TestDeals" name="test_update_deal" time="0.064" /><testcase classname="backend.tests.test_sales_crm.TestDeals" name="test_deal_agents" time="0.085" /><testcase classname="backend.tests.test_sales_crm.TestLinkages" name="test_create_and_upsert_linkage" time="0.127" /><testcase classname="backend.tests.test_sales_crm.TestLinkages" name="test_list_linkages_for_lead" time="0.058" /><testcase classname="backend.tests.test_sales_crm.TestTasks" name="test_create_task" time="0.058" /><testcase classname="backend.tests.test_sales_crm.TestTasks" name="test_list_tasks_by_lead" time="0.059" /><testcase classname="backend.tests.test_sales_crm.TestAIAgents" name="test_list_agents_empty_or_array" time="0.058" /><testcase classname="backend.tests.test_sales_crm.TestAIAgents" name="test_create_agent_admin_only" time="0.065" /><testcase classname="backend.tests.test_sales_crm.TestAIAgents" name="test_delete_agent" time="0.069" /><testcase classname="backend.tests.test_sales_crm.TestAICalls" name="test_initiate_without_keys_returns_failed" time="0.065" /><testcase classname="backend.tests.test_sales_crm.TestAICalls" name="test_list_lead_calls" time="0.064" /><testcase classname="backend.tests.test_sales_crm.TestWhatsApp" name="test_send_without_twilio_returns_failed" time="0.068" /><testcase classname="backend.tests.test_sales_crm.TestWhatsApp" name="test_list_messages_includes_failed_attempt" time="0.063" /><testcase classname="backend.tests.test_sales_crm.TestMeetings" name="test_schedule_without_gmail_keys" time="0.071" /><testcase classname="backend.tests.test_sales_crm.TestMeetings" name="test_schedule_invalid_date" time="0.058" /><testcase classname="backend.tests.test_sales_crm.TestMeetings" name="test_list_meetings" time="0.066" /><testcase classname="backend.tests.test_sales_crm.TestLookup" name="test_states" time="0.064" /><testcase classname="backend.tests.test_sales_crm.TestImport" name="test_import_xlsx_correct" time="0.073" /><testcase classname="backend.tests.test_sales_crm.TestAdminSettingsExtended" name="test_get_settings_has_new_fields" time="0.060" /><testcase classname="backend.tests.test_sales_crm.TestAdminSettingsExtended" name="test_patch_new_fields_persist_and_mask" time="0.126" /><testcase classname="backend.tests.test_sales_crm.TestAdminSettingsExtended" name="test_clear_secret_with_empty_string" time="0.116" /><testcase classname="backend.tests.test_sales_crm.TestAdminSettingsExtended" name="test_non_admin_forbidden" time="0.057" /><testcase classname="backend.tests.test_sales_crm.TestConvert" name="test_convert_to_customer" time="0.134" /><testcase classname="backend.tests.test_sales_crm.TestCleanup" name="test_delete_lead" time="0.116" /><testcase classname="backend.tests.test_sales_crm.TestCleanup" name="test_delete_deal" time="0.068" /><testcase classname="backend.tests.test_sales_crm.TestCleanup" name="test_purge_test_imported_leads" time="0.243" /><testcase classname="backend.tests.test_tasks_currency.TestPublicSettings" name="test_public_settings_no_auth" time="0.204" /><testcase classname="backend.tests.test_tasks_currency.TestCurrencySettings" name="test_patch_supported_currencies_and_persist" time="0.926" /><testcase classname="backend.tests.test_tasks_currency.TestCurrencySettings" name="test_reset_currencies_to_default" time="0.417" /><testcase classname="backend.tests.test_tasks_currency.TestUsersLookup" name="test_users_requires_auth" time="0.145" /><testcase classname="backend.tests.test_tasks_currency.TestUsersLookup" name="test_users_paginated" time="0.241" /><testcase classname="backend.tests.test_tasks_currency.TestTasksCRUD" name="test_01_seed" time="0.439" /><testcase classname="backend.tests.test_tasks_currency.TestTasksCRUD" name="test_02_create_task_enriches_labels" time="0.236" /><testcase classname="backend.tests.test_tasks_currency.TestTasksCRUD" name="test_03_list_tasks_pagination" time="0.168" /><testcase classname="backend.tests.test_tasks_currency.TestTasksCRUD" name="test_04_list_filter_by_lead" time="0.294" /><testcase classname="backend.tests.test_tasks_currency.TestTasksCRUD" name="test_05_list_filter_by_search" time="0.121" /><testcase classname="backend.tests.test_tasks_currency.TestTasksCRUD" name="test_06_update_task_persists" time="0.434" /><testcase classname="backend.tests.test_tasks_currency.TestTasksCRUD" name="test_07_calendar_sync_400_when_keys_missing" time="0.539" /><testcase classname="backend.tests.test_tasks_currency.TestTasksCRUD" name="test_08_calendar_sync_200_when_keys_present" time="0.816" /><testcase classname="backend.tests.test_tasks_currency.TestTasksCRUD" name="test_09_delete_task" time="0.470" /><testcase classname="backend.tests.test_tasks_currency.TestZCleanup" name="test_cleanup_seed_data" time="0.451" /></testsuite></testsuites>