<?xml version="1.0" encoding="utf-8"?><testsuites name="pytest tests"><testsuite name="pytest" errors="0" failures="0" skipped="0" tests="7" time="1.019" timestamp="2026-05-04T10:35:05.912033+00:00" hostname="agent-env-c8224f02-3a47-4060-bc0e-2a7e4e6c9d30"><testcase classname="backend.tests.test_health_quote.TestProductSeed" name="test_health_product_seed" time="0.223" /><testcase classname="backend.tests.test_health_quote.TestHealthQuote" name="test_quote_happy_path" time="0.381" /><testcase classname="backend.tests.test_health_quote.TestHealthQuote" name="test_quote_rejects_no_privacy" time="0.049" /><testcase classname="backend.tests.test_health_quote.TestHealthQuote" name="test_quote_rejects_non_resident" time="0.050" /><testcase classname="backend.tests.test_health_quote.TestHealthQuote" name="test_quote_rejects_age_above_60" time="0.048" /><testcase classname="backend.tests.test_health_quote.TestHealthQuote" name="test_smoker_premium_is_higher" time="0.096" /><testcase classname="backend.tests.test_health_quote.TestIssuePolicy" name="test_issue_from_quote_health" time="0.113" /></testsuite></testsuites>