<?xml version="1.0" encoding="utf-8"?><testsuites name="pytest tests"><testsuite name="pytest" errors="0" failures="0" skipped="0" tests="9" time="2.155" timestamp="2026-05-05T08:34:07.902207+00:00" hostname="agent-env-c8224f02-3a47-4060-bc0e-2a7e4e6c9d30"><testcase classname="backend.tests.test_home_quote" name="test_home_product_meta" time="0.454" /><testcase classname="backend.tests.test_home_quote" name="test_create_home_quote_math" time="0.109" /><testcase classname="backend.tests.test_home_quote" name="test_reject_no_privacy" time="0.104" /><testcase classname="backend.tests.test_home_quote" name="test_reject_building_below_min" time="0.097" /><testcase classname="backend.tests.test_home_quote" name="test_reject_building_above_max" time="0.188" /><testcase classname="backend.tests.test_home_quote" name="test_reject_invalid_plan" time="0.122" /><testcase classname="backend.tests.test_home_quote" name="test_reject_invalid_property_type" time="0.109" /><testcase classname="backend.tests.test_home_quote" name="test_issue_home_policy" time="0.237" /><testcase classname="backend.tests.test_home_quote" name="test_admin_patch_home_product" time="0.677" /></testsuite></testsuites>