<?xml version="1.0" encoding="utf-8"?><testsuites name="pytest tests"><testsuite name="pytest" errors="0" failures="0" skipped="0" tests="11" time="1.396" timestamp="2026-04-28T12:29:29.945437+00:00" hostname="agent-env-c8224f02-3a47-4060-bc0e-2a7e4e6c9d30"><testcase classname="backend.tests.test_pipeline_csv_kb.TestSetup" name="test_create_lead" time="0.515" /><testcase classname="backend.tests.test_pipeline_csv_kb.TestSetup" name="test_create_deal" time="0.055" /><testcase classname="backend.tests.test_pipeline_csv_kb.TestSetup" name="test_create_linkage" time="0.084" /><testcase classname="backend.tests.test_pipeline_csv_kb.TestCSVExport" name="test_export_csv_returns_csv" time="0.062" /><testcase classname="backend.tests.test_pipeline_csv_kb.TestCSVExport" name="test_export_csv_requires_auth" time="0.052" /><testcase classname="backend.tests.test_pipeline_csv_kb.TestLookupCompanies" name="test_companies_shape" time="0.055" /><testcase classname="backend.tests.test_pipeline_csv_kb.TestLinkageUpdateDelete" name="test_put_linkage_updates_pipeline_status" time="0.115" /><testcase classname="backend.tests.test_pipeline_csv_kb.TestLinkageUpdateDelete" name="test_put_linkage_drag_to_negotiation" time="0.052" /><testcase classname="backend.tests.test_pipeline_csv_kb.TestLinkageUpdateDelete" name="test_delete_linkage_removes" time="0.104" /><testcase classname="backend.tests.test_pipeline_csv_kb.TestKnowledgeBaseUpload" name="test_upload_kb_file_persists" time="0.105" /><testcase classname="backend.tests.test_pipeline_csv_kb.TestCleanup" name="test_cleanup" time="0.107" /></testsuite></testsuites>