<?xml version="1.0" encoding="utf-8"?><testsuites name="pytest tests"><testsuite name="pytest" errors="0" failures="0" skipped="0" tests="18" time="5.187" timestamp="2026-05-02T08:09:57.594508+00:00" hostname="agent-env-c8224f02-3a47-4060-bc0e-2a7e4e6c9d30"><testcase classname="backend.tests.test_pricing_rules.TestRulesCRUD" name="test_create_rule" time="0.831" /><testcase classname="backend.tests.test_pricing_rules.TestRulesCRUD" name="test_list_rules_filter_product" time="0.109" /><testcase classname="backend.tests.test_pricing_rules.TestRulesCRUD" name="test_list_rules_filter_status" time="0.116" /><testcase classname="backend.tests.test_pricing_rules.TestRulesCRUD" name="test_get_rule_by_id" time="0.106" /><testcase classname="backend.tests.test_pricing_rules.TestRulesCRUD" name="test_update_rule_bumps_version" time="0.210" /><testcase classname="backend.tests.test_pricing_rules.TestRulesCRUD" name="test_toggle_rule" time="0.205" /><testcase classname="backend.tests.test_pricing_rules.TestRulesCRUD" name="test_clone_rule_is_inactive" time="0.204" /><testcase classname="backend.tests.test_pricing_rules.TestRulesCRUD" name="test_delete_rule_404_on_second_call" time="0.331" /><testcase classname="backend.tests.test_pricing_rules.TestSimulateEvaluate" name="test_simulate_applies_rule" time="0.101" /><testcase classname="backend.tests.test_pricing_rules.TestSimulateEvaluate" name="test_simulate_condition_not_met" time="0.105" /><testcase classname="backend.tests.test_pricing_rules.TestSimulateEvaluate" name="test_evaluate_records_audit" time="0.446" /><testcase classname="backend.tests.test_pricing_rules.TestFormulaConfig" name="test_get_formula_defaults" time="0.107" /><testcase classname="backend.tests.test_pricing_rules.TestFormulaConfig" name="test_update_formula_bumps_version_and_snapshots" time="0.410" /><testcase classname="backend.tests.test_pricing_rules.TestMetaAudit" name="test_meta_fields" time="0.104" /><testcase classname="backend.tests.test_pricing_rules.TestMetaAudit" name="test_audit_logs_list" time="0.100" /><testcase classname="backend.tests.test_pricing_rules.TestQuoteIntegration" name="test_motor_quote_applies_rule" time="0.553" /><testcase classname="backend.tests.test_pricing_rules.TestQuoteIntegration" name="test_pa_quote_with_rule" time="0.414" /><testcase classname="backend.tests.test_pricing_rules.TestQuoteIntegration" name="test_travel_quote_with_rule" time="0.541" /></testsuite></testsuites>