<?xml version="1.0" encoding="utf-8"?><testsuites name="pytest tests"><testsuite name="pytest" errors="0" failures="0" skipped="0" tests="82" time="14.107" timestamp="2026-04-27T13:12:54.861838+00:00" hostname="agent-env-c8224f02-3a47-4060-bc0e-2a7e4e6c9d30"><testcase classname="backend.tests.backend_test.TestHealth" name="test_health" time="0.241" /><testcase classname="backend.tests.backend_test.TestHealth" name="test_root" time="0.058" /><testcase classname="backend.tests.backend_test.TestAuth" name="test_login_demo" time="0.287" /><testcase classname="backend.tests.backend_test.TestAuth" name="test_login_invalid" time="0.286" /><testcase classname="backend.tests.backend_test.TestAuth" name="test_signup_new_user" time="0.294" /><testcase classname="backend.tests.backend_test.TestAuth" name="test_signup_duplicate" time="0.061" /><testcase classname="backend.tests.backend_test.TestAuth" name="test_otp_flow" time="0.345" /><testcase classname="backend.tests.backend_test.TestAuth" name="test_otp_invalid_code" time="0.129" /><testcase classname="backend.tests.backend_test.TestAuth" name="test_me_endpoint" time="0.339" /><testcase classname="backend.tests.backend_test.TestAuth" name="test_me_unauth" time="0.058" /><testcase classname="backend.tests.backend_test.TestProducts" name="test_list_products" time="0.059" /><testcase classname="backend.tests.backend_test.TestProducts" name="test_get_product" time="0.063" /><testcase classname="backend.tests.backend_test.TestProducts" name="test_get_product_404" time="0.056" /><testcase classname="backend.tests.backend_test.TestQuotes" name="test_create_travel_quote" time="0.062" /><testcase classname="backend.tests.backend_test.TestQuotes" name="test_list_quotes" time="0.060" /><testcase classname="backend.tests.backend_test.TestQuotes" name="test_get_quote" time="0.062" /><testcase classname="backend.tests.backend_test.TestQuotes" name="test_quote_invalid_product" time="0.056" /><testcase classname="backend.tests.backend_test.TestPayments" name="test_checkout_session" time="0.587" /><testcase classname="backend.tests.backend_test.TestPayments" name="test_payment_status" time="0.294" /><testcase classname="backend.tests.backend_test.TestPolicies" name="test_list_policies" time="0.059" /><testcase classname="backend.tests.backend_test.TestClaims" name="test_create_seed_policy_for_claim" time="0.406" /><testcase classname="backend.tests.backend_test.TestClaims" name="test_file_claim_no_policy" time="0.062" /><testcase classname="backend.tests.backend_test.TestClaims" name="test_file_claim_auto_approval" time="0.056" /><testcase classname="backend.tests.backend_test.TestClaims" name="test_file_claim_normal_path" time="0.057" /><testcase classname="backend.tests.backend_test.TestClaims" name="test_list_my_claims" time="0.056" /><testcase classname="backend.tests.backend_test.TestClaims" name="test_admin_claims_queue" time="0.066" /><testcase classname="backend.tests.backend_test.TestClaims" name="test_claim_action_approve" time="0.335" /><testcase classname="backend.tests.backend_test.TestCRM" name="test_list_customers_admin" time="0.069" /><testcase classname="backend.tests.backend_test.TestCRM" name="test_customer_360" time="0.134" /><testcase classname="backend.tests.backend_test.TestCRM" name="test_leads_pipeline_admin" time="0.063" /><testcase classname="backend.tests.backend_test.TestCRM" name="test_leads_pipeline_forbidden_for_customer" time="0.059" /><testcase classname="backend.tests.backend_test.TestCRM" name="test_patch_customer" time="0.115" /><testcase classname="backend.tests.backend_test.TestCRM" name="test_create_interaction" time="0.108" /><testcase classname="backend.tests.backend_test.TestCRM" name="test_list_interactions" time="0.119" /><testcase classname="backend.tests.backend_test.TestAI" name="test_ai_recommendations" time="0.059" /><testcase classname="backend.tests.backend_test.TestAI" name="test_ai_lead_score" time="0.118" /><testcase classname="backend.tests.backend_test.TestAI" name="test_ai_chat" time="4.338" /><testcase classname="backend.tests.backend_test.TestAnalytics" name="test_overview_admin" time="0.069" /><testcase classname="backend.tests.backend_test.TestAnalytics" name="test_overview_forbidden_customer" time="0.059" /><testcase classname="backend.tests.backend_test.TestCampaigns" name="test_create_list_campaign" time="0.121" /><testcase classname="backend.tests.backend_test.TestCampaigns" name="test_send_campaign" time="0.067" /><testcase classname="backend.tests.backend_test.TestCampaigns" name="test_create_list_coupon" time="0.126" /><testcase classname="backend.tests.backend_test.TestCampaigns" name="test_campaigns_forbidden_customer" time="0.058" /><testcase classname="backend.tests.backend_test.TestVoice" name="test_list_calls" time="0.071" /><testcase classname="backend.tests.backend_test.TestVoice" name="test_log_call" time="0.062" /><testcase classname="backend.tests.backend_test.TestVoice" name="test_simulate_outbound" time="0.109" /><testcase classname="backend.tests.backend_test.TestVoice" name="test_voice_forbidden_customer" time="0.065" /><testcase classname="backend.tests.backend_test.TestNotifications" name="test_list_notifications" time="0.081" /><testcase classname="backend.tests.backend_test.TestNotifications" name="test_mark_read" time="0.062" /><testcase classname="backend.tests.backend_test.TestRoleEnforcement" name="test_customer_blocked_from_analytics" time="0.069" /><testcase classname="backend.tests.backend_test.TestRoleEnforcement" name="test_customer_blocked_from_crm_customers" time="0.075" /><testcase classname="backend.tests.backend_test.TestRoleEnforcement" name="test_customer_blocked_from_claims_queue" time="0.053" /><testcase classname="backend.tests.backend_test.TestRoleEnforcement" name="test_customer_blocked_from_campaigns" time="0.064" /><testcase classname="backend.tests.backend_test.TestMotorProducts" name="test_motor_product_seeded" time="0.067" /><testcase classname="backend.tests.backend_test.TestMotorQuote" name="test_create_motor_quote_comprehensive" time="0.063" /><testcase classname="backend.tests.backend_test.TestMotorQuote" name="test_motor_quote_requires_auth" time="0.107" /><testcase classname="backend.tests.backend_test.TestMotorQuote" name="test_motor_quote_invalid_product_category" time="0.064" /><testcase classname="backend.tests.backend_test.TestMotorQuote" name="test_motor_quote_third_party" time="0.058" /><testcase classname="backend.tests.backend_test.TestMotorQuote" name="test_motor_checkout" time="0.432" /><testcase classname="backend.tests.backend_test.TestMotorQuote" name="test_motor_quote_persisted" time="0.058" /><testcase classname="backend.tests.backend_test.TestVehicleLookup" name="test_lookup_curated_wxy1234" time="0.061" /><testcase classname="backend.tests.backend_test.TestVehicleLookup" name="test_lookup_curated_civic" time="0.057" /><testcase classname="backend.tests.backend_test.TestVehicleLookup" name="test_lookup_deterministic_random" time="0.118" /><testcase classname="backend.tests.backend_test.TestVehicleLookup" name="test_lookup_short_reg_400" time="0.059" /><testcase classname="backend.tests.backend_test.TestVehicleLookup" name="test_lookup_empty_reg_400" time="0.055" /><testcase classname="backend.tests.backend_test.TestVehicleLookup" name="test_lookup_requires_auth" time="0.074" /><testcase classname="backend.tests.backend_test.TestAdminProductUpdate" name="test_patch_product_base_premium_and_addon" time="0.317" /><testcase classname="backend.tests.backend_test.TestAdminProductUpdate" name="test_patch_product_form_config" time="0.264" /><testcase classname="backend.tests.backend_test.TestAdminProductUpdate" name="test_patch_product_forbidden_for_customer" time="0.066" /><testcase classname="backend.tests.backend_test.TestAdminProductUpdate" name="test_patch_product_unauth" time="0.064" /><testcase classname="backend.tests.backend_test.TestAdminProductUpdate" name="test_motor_quote_required_field_blank_400" time="0.059" /><testcase classname="backend.tests.backend_test.TestPAProducts" name="test_pa_product_seeded" time="0.058" /><testcase classname="backend.tests.backend_test.TestPAQuote" name="test_pa_quote_class1_1person_35yo" time="0.064" /><testcase classname="backend.tests.backend_test.TestPAQuote" name="test_pa_quote_class3_loading" time="0.057" /><testcase classname="backend.tests.backend_test.TestPAQuote" name="test_pa_quote_num_persons_scaling" time="0.061" /><testcase classname="backend.tests.backend_test.TestPAQuote" name="test_pa_quote_age_too_young_400" time="0.058" /><testcase classname="backend.tests.backend_test.TestPAQuote" name="test_pa_quote_age_too_old_400" time="0.059" /><testcase classname="backend.tests.backend_test.TestPAQuote" name="test_pa_quote_missing_full_name_400" time="0.059" /><testcase classname="backend.tests.backend_test.TestPAQuote" name="test_pa_quote_missing_beneficiary_400" time="0.060" /><testcase classname="backend.tests.backend_test.TestPAQuote" name="test_pa_quote_requires_auth" time="0.172" /><testcase classname="backend.tests.backend_test.TestPAQuote" name="test_pa_quote_invalid_product_category" time="0.058" /><testcase classname="backend.tests.backend_test.TestPAFormConfig" name="test_pa_form_config_toggle_off_allows_empty" time="0.295" /></testsuite></testsuites>