<?xml version="1.0" encoding="utf-8"?><testsuites name="pytest tests"><testsuite name="pytest" errors="0" failures="0" skipped="0" tests="60" time="9.979" timestamp="2026-04-27T12:10:14.517413+00:00" hostname="agent-env-c8224f02-3a47-4060-bc0e-2a7e4e6c9d30"><testcase classname="backend.tests.backend_test.TestHealth" name="test_health" time="0.227" /><testcase classname="backend.tests.backend_test.TestHealth" name="test_root" time="0.049" /><testcase classname="backend.tests.backend_test.TestAuth" name="test_login_demo" time="0.290" /><testcase classname="backend.tests.backend_test.TestAuth" name="test_login_invalid" time="0.275" /><testcase classname="backend.tests.backend_test.TestAuth" name="test_signup_new_user" time="0.284" /><testcase classname="backend.tests.backend_test.TestAuth" name="test_signup_duplicate" time="0.054" /><testcase classname="backend.tests.backend_test.TestAuth" name="test_otp_flow" time="0.342" /><testcase classname="backend.tests.backend_test.TestAuth" name="test_otp_invalid_code" time="0.108" /><testcase classname="backend.tests.backend_test.TestAuth" name="test_me_endpoint" time="0.325" /><testcase classname="backend.tests.backend_test.TestAuth" name="test_me_unauth" time="0.054" /><testcase classname="backend.tests.backend_test.TestProducts" name="test_list_products" time="0.053" /><testcase classname="backend.tests.backend_test.TestProducts" name="test_get_product" time="0.048" /><testcase classname="backend.tests.backend_test.TestProducts" name="test_get_product_404" time="0.046" /><testcase classname="backend.tests.backend_test.TestQuotes" name="test_create_travel_quote" time="0.054" /><testcase classname="backend.tests.backend_test.TestQuotes" name="test_list_quotes" time="0.052" /><testcase classname="backend.tests.backend_test.TestQuotes" name="test_get_quote" time="0.047" /><testcase classname="backend.tests.backend_test.TestQuotes" name="test_quote_invalid_product" time="0.047" /><testcase classname="backend.tests.backend_test.TestPayments" name="test_checkout_session" time="0.624" /><testcase classname="backend.tests.backend_test.TestPayments" name="test_payment_status" time="0.235" /><testcase classname="backend.tests.backend_test.TestPolicies" name="test_list_policies" time="0.051" /><testcase classname="backend.tests.backend_test.TestClaims" name="test_create_seed_policy_for_claim" time="0.370" /><testcase classname="backend.tests.backend_test.TestClaims" name="test_file_claim_no_policy" time="0.047" /><testcase classname="backend.tests.backend_test.TestClaims" name="test_file_claim_auto_approval" time="0.057" /><testcase classname="backend.tests.backend_test.TestClaims" name="test_file_claim_normal_path" time="0.047" /><testcase classname="backend.tests.backend_test.TestClaims" name="test_list_my_claims" time="0.059" /><testcase classname="backend.tests.backend_test.TestClaims" name="test_admin_claims_queue" time="0.051" /><testcase classname="backend.tests.backend_test.TestClaims" name="test_claim_action_approve" time="0.324" /><testcase classname="backend.tests.backend_test.TestCRM" name="test_list_customers_admin" time="0.056" /><testcase classname="backend.tests.backend_test.TestCRM" name="test_customer_360" time="0.103" /><testcase classname="backend.tests.backend_test.TestCRM" name="test_leads_pipeline_admin" time="0.052" /><testcase classname="backend.tests.backend_test.TestCRM" name="test_leads_pipeline_forbidden_for_customer" time="0.048" /><testcase classname="backend.tests.backend_test.TestCRM" name="test_patch_customer" time="0.106" /><testcase classname="backend.tests.backend_test.TestCRM" name="test_create_interaction" time="0.101" /><testcase classname="backend.tests.backend_test.TestCRM" name="test_list_interactions" time="0.116" /><testcase classname="backend.tests.backend_test.TestAI" name="test_ai_recommendations" time="0.050" /><testcase classname="backend.tests.backend_test.TestAI" name="test_ai_lead_score" time="0.096" /><testcase classname="backend.tests.backend_test.TestAI" name="test_ai_chat" time="3.025" /><testcase classname="backend.tests.backend_test.TestAnalytics" name="test_overview_admin" time="0.053" /><testcase classname="backend.tests.backend_test.TestAnalytics" name="test_overview_forbidden_customer" time="0.053" /><testcase classname="backend.tests.backend_test.TestCampaigns" name="test_create_list_campaign" time="0.105" /><testcase classname="backend.tests.backend_test.TestCampaigns" name="test_send_campaign" time="0.049" /><testcase classname="backend.tests.backend_test.TestCampaigns" name="test_create_list_coupon" time="0.105" /><testcase classname="backend.tests.backend_test.TestCampaigns" name="test_campaigns_forbidden_customer" time="0.048" /><testcase classname="backend.tests.backend_test.TestVoice" name="test_list_calls" time="0.052" /><testcase classname="backend.tests.backend_test.TestVoice" name="test_log_call" time="0.062" /><testcase classname="backend.tests.backend_test.TestVoice" name="test_simulate_outbound" time="0.115" /><testcase classname="backend.tests.backend_test.TestVoice" name="test_voice_forbidden_customer" time="0.046" /><testcase classname="backend.tests.backend_test.TestNotifications" name="test_list_notifications" time="0.057" /><testcase classname="backend.tests.backend_test.TestNotifications" name="test_mark_read" time="0.055" /><testcase classname="backend.tests.backend_test.TestRoleEnforcement" name="test_customer_blocked_from_analytics" time="0.049" /><testcase classname="backend.tests.backend_test.TestRoleEnforcement" name="test_customer_blocked_from_crm_customers" time="0.050" /><testcase classname="backend.tests.backend_test.TestRoleEnforcement" name="test_customer_blocked_from_claims_queue" time="0.051" /><testcase classname="backend.tests.backend_test.TestRoleEnforcement" name="test_customer_blocked_from_campaigns" time="0.046" /><testcase classname="backend.tests.backend_test.TestMotorProducts" name="test_motor_product_seeded" time="0.047" /><testcase classname="backend.tests.backend_test.TestMotorQuote" name="test_create_motor_quote_comprehensive" time="0.053" /><testcase classname="backend.tests.backend_test.TestMotorQuote" name="test_motor_quote_requires_auth" time="0.046" /><testcase classname="backend.tests.backend_test.TestMotorQuote" name="test_motor_quote_invalid_product_category" time="0.068" /><testcase classname="backend.tests.backend_test.TestMotorQuote" name="test_motor_quote_third_party" time="0.050" /><testcase classname="backend.tests.backend_test.TestMotorQuote" name="test_motor_checkout" time="0.514" /><testcase classname="backend.tests.backend_test.TestMotorQuote" name="test_motor_quote_persisted" time="0.050" /></testsuite></testsuites>