<?xml version="1.0" encoding="utf-8"?><testsuites name="pytest tests"><testsuite name="pytest" errors="0" failures="0" skipped="0" tests="93" time="31.674" timestamp="2026-04-28T12:15:18.757852+00:00" hostname="agent-env-c8224f02-3a47-4060-bc0e-2a7e4e6c9d30"><testcase classname="tests.backend_test.TestHealth" name="test_health" time="0.166" /><testcase classname="tests.backend_test.TestHealth" name="test_root" time="0.048" /><testcase classname="tests.backend_test.TestAuth" name="test_login_demo" time="0.272" /><testcase classname="tests.backend_test.TestAuth" name="test_login_invalid" time="0.279" /><testcase classname="tests.backend_test.TestAuth" name="test_signup_new_user" time="0.280" /><testcase classname="tests.backend_test.TestAuth" name="test_signup_duplicate" time="0.055" /><testcase classname="tests.backend_test.TestAuth" name="test_otp_flow" time="0.330" /><testcase classname="tests.backend_test.TestAuth" name="test_otp_invalid_code" time="0.137" /><testcase classname="tests.backend_test.TestAuth" name="test_me_endpoint" time="0.771" /><testcase classname="tests.backend_test.TestAuth" name="test_me_unauth" time="0.046" /><testcase classname="tests.backend_test.TestProducts" name="test_list_products" time="0.053" /><testcase classname="tests.backend_test.TestProducts" name="test_get_product" time="0.057" /><testcase classname="tests.backend_test.TestProducts" name="test_get_product_404" time="0.056" /><testcase classname="tests.backend_test.TestQuotes" name="test_create_travel_quote" time="0.076" /><testcase classname="tests.backend_test.TestQuotes" name="test_list_quotes" time="0.069" /><testcase classname="tests.backend_test.TestQuotes" name="test_get_quote" time="0.046" /><testcase classname="tests.backend_test.TestQuotes" name="test_quote_invalid_product" time="0.047" /><testcase classname="tests.backend_test.TestPayments" name="test_checkout_session" time="0.570" /><testcase classname="tests.backend_test.TestPayments" name="test_payment_status" time="0.307" /><testcase classname="tests.backend_test.TestPolicies" name="test_list_policies" time="0.051" /><testcase classname="tests.backend_test.TestClaims" name="test_create_seed_policy_for_claim" time="0.375" /><testcase classname="tests.backend_test.TestClaims" name="test_file_claim_no_policy" time="0.051" /><testcase classname="tests.backend_test.TestClaims" name="test_file_claim_auto_approval" time="0.059" /><testcase classname="tests.backend_test.TestClaims" name="test_file_claim_normal_path" time="0.049" /><testcase classname="tests.backend_test.TestClaims" name="test_list_my_claims" time="0.047" /><testcase classname="tests.backend_test.TestClaims" name="test_admin_claims_queue" time="0.050" /><testcase classname="tests.backend_test.TestClaims" name="test_claim_action_approve" time="0.327" /><testcase classname="tests.backend_test.TestCRM" name="test_list_customers_admin" time="0.055" /><testcase classname="tests.backend_test.TestCRM" name="test_customer_360" time="0.120" /><testcase classname="tests.backend_test.TestCRM" name="test_leads_pipeline_admin" time="0.050" /><testcase classname="tests.backend_test.TestCRM" name="test_leads_pipeline_forbidden_for_customer" time="0.045" /><testcase classname="tests.backend_test.TestCRM" name="test_patch_customer" time="0.091" /><testcase classname="tests.backend_test.TestCRM" name="test_create_interaction" time="0.095" /><testcase classname="tests.backend_test.TestCRM" name="test_list_interactions" time="0.097" /><testcase classname="tests.backend_test.TestAI" name="test_ai_recommendations" time="0.048" /><testcase classname="tests.backend_test.TestAI" name="test_ai_lead_score" time="0.099" /><testcase classname="tests.backend_test.TestAI" name="test_ai_chat" time="19.959" /><testcase classname="tests.backend_test.TestAnalytics" name="test_overview_admin" time="0.057" /><testcase classname="tests.backend_test.TestAnalytics" name="test_overview_forbidden_customer" time="0.048" /><testcase classname="tests.backend_test.TestCampaigns" name="test_create_list_campaign" time="0.102" /><testcase classname="tests.backend_test.TestCampaigns" name="test_send_campaign" time="0.052" /><testcase classname="tests.backend_test.TestCampaigns" name="test_create_list_coupon" time="0.099" /><testcase classname="tests.backend_test.TestCampaigns" name="test_campaigns_forbidden_customer" time="0.049" /><testcase classname="tests.backend_test.TestVoice" name="test_list_calls" time="0.049" /><testcase classname="tests.backend_test.TestVoice" name="test_log_call" time="0.051" /><testcase classname="tests.backend_test.TestVoice" name="test_simulate_outbound" time="0.096" /><testcase classname="tests.backend_test.TestVoice" name="test_voice_forbidden_customer" time="0.050" /><testcase classname="tests.backend_test.TestNotifications" name="test_list_notifications" time="0.048" /><testcase classname="tests.backend_test.TestNotifications" name="test_mark_read" time="0.054" /><testcase classname="tests.backend_test.TestRoleEnforcement" name="test_customer_blocked_from_analytics" time="0.047" /><testcase classname="tests.backend_test.TestRoleEnforcement" name="test_customer_blocked_from_crm_customers" time="0.047" /><testcase classname="tests.backend_test.TestRoleEnforcement" name="test_customer_blocked_from_claims_queue" time="0.048" /><testcase classname="tests.backend_test.TestRoleEnforcement" name="test_customer_blocked_from_campaigns" time="0.046" /><testcase classname="tests.backend_test.TestMotorProducts" name="test_motor_product_seeded" time="0.046" /><testcase classname="tests.backend_test.TestMotorQuote" name="test_create_motor_quote_comprehensive" time="0.056" /><testcase classname="tests.backend_test.TestMotorQuote" name="test_motor_quote_requires_auth" time="0.047" /><testcase classname="tests.backend_test.TestMotorQuote" name="test_motor_quote_invalid_product_category" time="0.045" /><testcase classname="tests.backend_test.TestMotorQuote" name="test_motor_quote_third_party" time="0.077" /><testcase classname="tests.backend_test.TestMotorQuote" name="test_motor_checkout" time="0.403" /><testcase classname="tests.backend_test.TestMotorQuote" name="test_motor_quote_persisted" time="0.048" /><testcase classname="tests.backend_test.TestVehicleLookup" name="test_lookup_curated_wxy1234" time="0.058" /><testcase classname="tests.backend_test.TestVehicleLookup" name="test_lookup_curated_civic" time="0.058" /><testcase classname="tests.backend_test.TestVehicleLookup" name="test_lookup_deterministic_random" time="0.098" /><testcase classname="tests.backend_test.TestVehicleLookup" name="test_lookup_short_reg_400" time="0.047" /><testcase classname="tests.backend_test.TestVehicleLookup" name="test_lookup_empty_reg_400" time="0.047" /><testcase classname="tests.backend_test.TestVehicleLookup" name="test_lookup_requires_auth" time="0.048" /><testcase classname="tests.backend_test.TestAdminProductUpdate" name="test_patch_product_base_premium_and_addon" time="0.240" /><testcase classname="tests.backend_test.TestAdminProductUpdate" name="test_patch_product_form_config" time="0.210" /><testcase classname="tests.backend_test.TestAdminProductUpdate" name="test_patch_product_forbidden_for_customer" time="0.084" /><testcase classname="tests.backend_test.TestAdminProductUpdate" name="test_patch_product_unauth" time="0.058" /><testcase classname="tests.backend_test.TestAdminProductUpdate" name="test_motor_quote_required_field_blank_400" time="0.056" /><testcase classname="tests.backend_test.TestPAProducts" name="test_pa_product_seeded" time="0.049" /><testcase classname="tests.backend_test.TestPAQuote" name="test_pa_quote_class1_1person_35yo" time="0.055" /><testcase classname="tests.backend_test.TestPAQuote" name="test_pa_quote_class3_loading" time="0.055" /><testcase classname="tests.backend_test.TestPAQuote" name="test_pa_quote_num_persons_scaling" time="0.047" /><testcase classname="tests.backend_test.TestPAQuote" name="test_pa_quote_age_too_young_400" time="0.050" /><testcase classname="tests.backend_test.TestPAQuote" name="test_pa_quote_age_too_old_400" time="0.064" /><testcase classname="tests.backend_test.TestPAQuote" name="test_pa_quote_missing_full_name_400" time="0.045" /><testcase classname="tests.backend_test.TestPAQuote" name="test_pa_quote_missing_beneficiary_400" time="0.046" /><testcase classname="tests.backend_test.TestPAQuote" name="test_pa_quote_requires_auth" time="0.047" /><testcase classname="tests.backend_test.TestPAQuote" name="test_pa_quote_invalid_product_category" time="0.049" /><testcase classname="tests.backend_test.TestPAFormConfig" name="test_pa_form_config_toggle_off_allows_empty" time="0.271" /><testcase classname="tests.backend_test.TestAdminSettings" name="test_get_settings_requires_admin" time="0.064" /><testcase classname="tests.backend_test.TestAdminSettings" name="test_get_settings_unauthenticated" time="0.051" /><testcase classname="tests.backend_test.TestAdminSettings" name="test_get_settings_initial_env_fallback" time="0.094" /><testcase classname="tests.backend_test.TestAdminSettings" name="test_patch_settings_publishable_and_webhook" time="0.095" /><testcase classname="tests.backend_test.TestAdminSettings" name="test_patch_requires_admin" time="0.047" /><testcase classname="tests.backend_test.TestAdminSettings" name="test_stripe_test_env_fallback_succeeds" time="0.483" /><testcase classname="tests.backend_test.TestAdminSettings" name="test_stripe_test_with_bogus_key_uses_that_key" time="0.583" /><testcase classname="tests.backend_test.TestAdminSettings" name="test_clear_secret_restores_env_fallback" time="0.527" /><testcase classname="tests.backend_test.TestAdminSettings" name="test_masking_never_leaks_plain_secret" time="0.142" /><testcase classname="tests.backend_test.TestAdminSettings" name="test_payment_flow_still_works_with_env_fallback" time="0.573" /><testcase classname="tests.backend_test.TestAdminSettings" name="test_final_cleanup_env_fallback_restored" time="0.114" /></testsuite></testsuites>