<?xml version="1.0" encoding="utf-8"?><testsuites name="pytest tests"><testsuite name="pytest" errors="0" failures="0" skipped="0" tests="37" time="4.462" timestamp="2026-04-28T12:15:09.941685+00:00" hostname="agent-env-c8224f02-3a47-4060-bc0e-2a7e4e6c9d30"><testcase classname="tests.test_sales_crm.TestLeadsCRUD" name="test_create_lead_with_new_fields" time="0.634" /><testcase classname="tests.test_sales_crm.TestLeadsCRUD" name="test_create_lead_missing_name_400" time="0.062" /><testcase classname="tests.test_sales_crm.TestLeadsCRUD" name="test_get_lead_by_id" time="0.072" /><testcase classname="tests.test_sales_crm.TestLeadsCRUD" name="test_list_leads_pagination_filter_search" time="0.373" /><testcase classname="tests.test_sales_crm.TestLeadsCRUD" name="test_update_lead_persists" time="0.149" /><testcase classname="tests.test_sales_crm.TestLeadsCRUD" name="test_refresh_score" time="0.073" /><testcase classname="tests.test_sales_crm.TestLeadsCRUD" name="test_demo_user_forbidden" time="0.355" /><testcase classname="tests.test_sales_crm.TestActivities" name="test_list_activities_includes_creation" time="0.064" /><testcase classname="tests.test_sales_crm.TestActivities" name="test_add_activity" time="0.115" /><testcase classname="tests.test_sales_crm.TestDeals" name="test_create_and_list_deal" time="0.147" /><testcase classname="tests.test_sales_crm.TestDeals" name="test_get_deal" time="0.070" /><testcase classname="tests.test_sales_crm.TestDeals" name="test_update_deal" time="0.071" /><testcase classname="tests.test_sales_crm.TestDeals" name="test_deal_agents" time="0.081" /><testcase classname="tests.test_sales_crm.TestLinkages" name="test_create_and_upsert_linkage" time="0.134" /><testcase classname="tests.test_sales_crm.TestLinkages" name="test_list_linkages_for_lead" time="0.067" /><testcase classname="tests.test_sales_crm.TestTasks" name="test_create_task" time="0.083" /><testcase classname="tests.test_sales_crm.TestTasks" name="test_list_tasks_by_lead" time="0.058" /><testcase classname="tests.test_sales_crm.TestAIAgents" name="test_list_agents_empty_or_array" time="0.053" /><testcase classname="tests.test_sales_crm.TestAIAgents" name="test_create_agent_admin_only" time="0.067" /><testcase classname="tests.test_sales_crm.TestAIAgents" name="test_delete_agent" time="0.056" /><testcase classname="tests.test_sales_crm.TestAICalls" name="test_initiate_without_keys_returns_failed" time="0.070" /><testcase classname="tests.test_sales_crm.TestAICalls" name="test_list_lead_calls" time="0.087" /><testcase classname="tests.test_sales_crm.TestWhatsApp" name="test_send_without_twilio_returns_failed" time="0.069" /><testcase classname="tests.test_sales_crm.TestWhatsApp" name="test_list_messages_includes_failed_attempt" time="0.052" /><testcase classname="tests.test_sales_crm.TestMeetings" name="test_schedule_without_gmail_keys" time="0.073" /><testcase classname="tests.test_sales_crm.TestMeetings" name="test_schedule_invalid_date" time="0.056" /><testcase classname="tests.test_sales_crm.TestMeetings" name="test_list_meetings" time="0.057" /><testcase classname="tests.test_sales_crm.TestLookup" name="test_states" time="0.055" /><testcase classname="tests.test_sales_crm.TestImport" name="test_import_xlsx_correct" time="0.069" /><testcase classname="tests.test_sales_crm.TestAdminSettingsExtended" name="test_get_settings_has_new_fields" time="0.051" /><testcase classname="tests.test_sales_crm.TestAdminSettingsExtended" name="test_patch_new_fields_persist_and_mask" time="0.100" /><testcase classname="tests.test_sales_crm.TestAdminSettingsExtended" name="test_clear_secret_with_empty_string" time="0.116" /><testcase classname="tests.test_sales_crm.TestAdminSettingsExtended" name="test_non_admin_forbidden" time="0.048" /><testcase classname="tests.test_sales_crm.TestConvert" name="test_convert_to_customer" time="0.111" /><testcase classname="tests.test_sales_crm.TestCleanup" name="test_delete_lead" time="0.105" /><testcase classname="tests.test_sales_crm.TestCleanup" name="test_delete_deal" time="0.068" /><testcase classname="tests.test_sales_crm.TestCleanup" name="test_purge_test_imported_leads" time="0.172" /></testsuite></testsuites>