<?xml version="1.0" encoding="utf-8"?><testsuites name="pytest tests"><testsuite name="pytest" errors="0" failures="0" skipped="0" tests="15" time="4.786" timestamp="2026-04-28T13:11:34.745643+00:00" hostname="agent-env-c8224f02-3a47-4060-bc0e-2a7e4e6c9d30"><testcase classname="backend.tests.test_tasks_currency.TestPublicSettings" name="test_public_settings_no_auth" time="0.308" /><testcase classname="backend.tests.test_tasks_currency.TestCurrencySettings" name="test_patch_supported_currencies_and_persist" time="0.715" /><testcase classname="backend.tests.test_tasks_currency.TestCurrencySettings" name="test_reset_currencies_to_default" time="0.437" /><testcase classname="backend.tests.test_tasks_currency.TestUsersLookup" name="test_users_requires_auth" time="0.113" /><testcase classname="backend.tests.test_tasks_currency.TestUsersLookup" name="test_users_paginated" time="0.177" /><testcase classname="backend.tests.test_tasks_currency.TestTasksCRUD" name="test_01_seed" time="0.482" /><testcase classname="backend.tests.test_tasks_currency.TestTasksCRUD" name="test_02_create_task_enriches_labels" time="0.128" /><testcase classname="backend.tests.test_tasks_currency.TestTasksCRUD" name="test_03_list_tasks_pagination" time="0.224" /><testcase classname="backend.tests.test_tasks_currency.TestTasksCRUD" name="test_04_list_filter_by_lead" time="0.236" /><testcase classname="backend.tests.test_tasks_currency.TestTasksCRUD" name="test_05_list_filter_by_search" time="0.139" /><testcase classname="backend.tests.test_tasks_currency.TestTasksCRUD" name="test_06_update_task_persists" time="0.411" /><testcase classname="backend.tests.test_tasks_currency.TestTasksCRUD" name="test_07_calendar_sync_400_when_keys_missing" time="0.267" /><testcase classname="backend.tests.test_tasks_currency.TestTasksCRUD" name="test_08_calendar_sync_200_when_keys_present" time="0.583" /><testcase classname="backend.tests.test_tasks_currency.TestTasksCRUD" name="test_09_delete_task" time="0.273" /><testcase classname="backend.tests.test_tasks_currency.TestZCleanup" name="test_cleanup_seed_data" time="0.223" /></testsuite></testsuites>