<?xml version="1.0" encoding="utf-8"?><testsuites name="pytest tests"><testsuite name="pytest" errors="0" failures="0" skipped="0" tests="12" time="2.035" timestamp="2026-04-29T03:08:29.619641+00:00" hostname="agent-env-c8224f02-3a47-4060-bc0e-2a7e4e6c9d30"><testcase classname="backend.tests.test_travel_quickfill.TestTravelProductFormConfig" name="test_form_config_present" time="0.140" /><testcase classname="backend.tests.test_travel_quickfill.TestTravelProductFormConfig" name="test_step1_keys" time="0.000" /><testcase classname="backend.tests.test_travel_quickfill.TestTravelProductFormConfig" name="test_step2_keys" time="0.000" /><testcase classname="backend.tests.test_travel_quickfill.TestTravelQuoteCreate" name="test_rich_payload_returns_200" time="0.495" /><testcase classname="backend.tests.test_travel_quickfill.TestTravelQuoteCreate" name="test_privacy_must_be_accepted" time="0.105" /><testcase classname="backend.tests.test_travel_quickfill.TestTravelQuoteCreate" name="test_legacy_minimal_payload" time="0.117" /><testcase classname="backend.tests.test_travel_quickfill.TestTravelQuoteCreate" name="test_pricing_scales_with_trip_type_annual" time="0.260" /><testcase classname="backend.tests.test_travel_quickfill.TestTravelQuoteCreate" name="test_pricing_scales_with_age_70_plus" time="0.255" /><testcase classname="backend.tests.test_travel_quickfill.TestTravelQuoteCreate" name="test_domestic_cheaper_than_international" time="0.223" /><testcase classname="backend.tests.test_travel_quickfill.TestTravelQuoteCreate" name="test_requires_auth" time="0.142" /><testcase classname="backend.tests.test_travel_quickfill.TestQuickFillProfile" name="test_no_auth_blocks" time="0.109" /><testcase classname="backend.tests.test_travel_quickfill.TestQuickFillProfile" name="test_demo_has_data" time="0.115" /></testsuite></testsuites>